# JRE version: 6.0_31-b31
# Java VM: OpenJDK 64-Bit Server VM (23.25-b01 mixed mode linux-amd64 compressed oops)
Heap
 PSYoungGen      total 347648K, used 105764K [0x00000000eaab0000, 0x00000000fffe0000, 0x0000000100000000)
  eden space 345984K, 30% used [0x00000000eaab0000,0x00000000f11a1d28,0x00000000ffc90000)
  from space 1664K, 20% used [0x00000000ffc90000,0x00000000ffce74d8,0x00000000ffe30000)
  to   space 1536K, 0% used [0x00000000ffe60000,0x00000000ffe60000,0x00000000fffe0000)
 ParOldGen       total 48576K, used 21153K [0x00000000c0000000, 0x00000000c2f70000, 0x00000000eaab0000)
  object space 48576K, 43% used [0x00000000c0000000,0x00000000c14a8448,0x00000000c2f70000)
 PSPermGen       total 45184K, used 29114K [0x00000000b5a00000, 0x00000000b8620000, 0x00000000c0000000)
  object space 45184K, 64% used [0x00000000b5a00000,0x00000000b766e980,0x00000000b8620000)
GC Heap History (10 events):
Event: 110,327 GC heap before
{Heap before GC invocations=111 (full 4):
 PSYoungGen      total 347328K, used 345594K [0x00000000eaab0000, 0x00000000fffc0000, 0x0000000100000000)
  eden space 345408K, 100% used [0x00000000eaab0000,0x00000000ffc00000,0x00000000ffc00000)
  from space 1920K, 9% used [0x00000000ffde0000,0x00000000ffe0e9a8,0x00000000fffc0000)
  to   space 1920K, 0% used [0x00000000ffc00000,0x00000000ffc00000,0x00000000ffde0000)
 ParOldGen       total 48576K, used 21145K [0x00000000c0000000, 0x00000000c2f70000, 0x00000000eaab0000)
  object space 48576K, 43% used [0x00000000c0000000,0x00000000c14a6448,0x00000000c2f70000)
 PSPermGen       total 45184K, used 28830K [0x00000000b5a00000, 0x00000000b8620000, 0x00000000c0000000)
  object space 45184K, 63% used [0x00000000b5a00000,0x00000000b7627a98,0x00000000b8620000)
Event: 110,328 GC heap after
Heap after GC invocations=111 (full 4):
 PSYoungGen      total 347328K, used 128K [0x00000000eaab0000, 0x0000000100000000, 0x0000000100000000)
  eden space 345408K, 0% used [0x00000000eaab0000,0x00000000eaab0000,0x00000000ffc00000)
  from space 1920K, 6% used [0x00000000ffc00000,0x00000000ffc20000,0x00000000ffde0000)
  to   space 1920K, 0% used [0x00000000ffe20000,0x00000000ffe20000,0x0000000100000000)
 ParOldGen       total 48576K, used 21145K [0x00000000c0000000, 0x00000000c2f70000, 0x00000000eaab0000)
  object space 48576K, 43% used [0x00000000c0000000,0x00000000c14a6448,0x00000000c2f70000)
 PSPermGen       total 45184K, used 28830K [0x00000000b5a00000, 0x00000000b8620000, 0x00000000c0000000)
  object space 45184K, 63% used [0x00000000b5a00000,0x00000000b7627a98,0x00000000b8620000)
}
Event: 118,229 GC heap before
{Heap before GC invocations=112 (full 4):
 PSYoungGen      total 347328K, used 345536K [0x00000000eaab0000, 0x0000000100000000, 0x0000000100000000)
  eden space 345408K, 100% used [0x00000000eaab0000,0x00000000ffc00000,0x00000000ffc00000)
  from space 1920K, 6% used [0x00000000ffc00000,0x00000000ffc20000,0x00000000ffde0000)
  to   space 1920K, 0% used [0x00000000ffe20000,0x00000000ffe20000,0x0000000100000000)
 ParOldGen       total 48576K, used 21145K [0x00000000c0000000, 0x00000000c2f70000, 0x00000000eaab0000)
  object space 48576K, 43% used [0x00000000c0000000,0x00000000c14a6448,0x00000000c2f70000)
 PSPermGen       total 45184K, used 28854K [0x00000000b5a00000, 0x00000000b8620000, 0x00000000c0000000)
  object space 45184K, 63% used [0x00000000b5a00000,0x00000000b762d940,0x00000000b8620000)
Event: 118,230 GC heap after
Heap after GC invocations=112 (full 4):
 PSYoungGen      total 347328K, used 186K [0x00000000eaab0000, 0x00000000fffc0000, 0x0000000100000000)
  eden space 345664K, 0% used [0x00000000eaab0000,0x00000000eaab0000,0x00000000ffc40000)
  from space 1664K, 11% used [0x00000000ffe20000,0x00000000ffe4e9a8,0x00000000fffc0000)
  to   space 1792K, 0% used [0x00000000ffc40000,0x00000000ffc40000,0x00000000ffe00000)
 ParOldGen       total 48576K, used 21153K [0x00000000c0000000, 0x00000000c2f70000, 0x00000000eaab0000)
  object space 48576K, 43% used [0x00000000c0000000,0x00000000c14a8448,0x00000000c2f70000)
 PSPermGen       total 45184K, used 28854K [0x00000000b5a00000, 0x00000000b8620000, 0x00000000c0000000)
  object space 45184K, 63% used [0x00000000b5a00000,0x00000000b762d940,0x00000000b8620000)
}
Event: 121,810 GC heap before
{Heap before GC invocations=113 (full 4):
 PSYoungGen      total 347328K, used 345850K [0x00000000eaab0000, 0x00000000fffc0000, 0x0000000100000000)
  eden space 345664K, 100% used [0x00000000eaab0000,0x00000000ffc40000,0x00000000ffc40000)
  from space 1664K, 11% used [0x00000000ffe20000,0x00000000ffe4e9a8,0x00000000fffc0000)
  to   space 1792K, 0% used [0x00000000ffc40000,0x00000000ffc40000,0x00000000ffe00000)
 ParOldGen       total 48576K, used 21153K [0x00000000c0000000, 0x00000000c2f70000, 0x00000000eaab0000)
  object space 48576K, 43% used [0x00000000c0000000,0x00000000c14a8448,0x00000000c2f70000)
 PSPermGen       total 45184K, used 28865K [0x00000000b5a00000, 0x00000000b8620000, 0x00000000c0000000)
  object space 45184K, 63% used [0x00000000b5a00000,0x00000000b7630748,0x00000000b8620000)
Event: 121,811 GC heap after
Heap after GC invocations=113 (full 4):
 PSYoungGen      total 347456K, used 218K [0x00000000eaab0000, 0x0000000100000000, 0x0000000100000000)
  eden space 345664K, 0% used [0x00000000eaab0000,0x00000000eaab0000,0x00000000ffc40000)
  from space 1792K, 12% used [0x00000000ffc40000,0x00000000ffc769a8,0x00000000ffe00000)
  to   space 1728K, 0% used [0x00000000ffe50000,0x00000000ffe50000,0x0000000100000000)
 ParOldGen       total 48576K, used 21153K [0x00000000c0000000, 0x00000000c2f70000, 0x00000000eaab0000)
  object space 48576K, 43% used [0x00000000c0000000,0x00000000c14a8448,0x00000000c2f70000)
 PSPermGen       total 45184K, used 28865K [0x00000000b5a00000, 0x00000000b8620000, 0x00000000c0000000)
  object space 45184K, 63% used [0x00000000b5a00000,0x00000000b7630748,0x00000000b8620000)
}
Event: 124,372 GC heap before
{Heap before GC invocations=114 (full 4):
 PSYoungGen      total 347456K, used 345882K [0x00000000eaab0000, 0x0000000100000000, 0x0000000100000000)
  eden space 345664K, 100% used [0x00000000eaab0000,0x00000000ffc40000,0x00000000ffc40000)
  from space 1792K, 12% used [0x00000000ffc40000,0x00000000ffc769a8,0x00000000ffe00000)
  to   space 1728K, 0% used [0x00000000ffe50000,0x00000000ffe50000,0x0000000100000000)
 ParOldGen       total 48576K, used 21153K [0x00000000c0000000, 0x00000000c2f70000, 0x00000000eaab0000)
  object space 48576K, 43% used [0x00000000c0000000,0x00000000c14a8448,0x00000000c2f70000)
 PSPermGen       total 45184K, used 28876K [0x00000000b5a00000, 0x00000000b8620000, 0x00000000c0000000)
  object space 45184K, 63% used [0x00000000b5a00000,0x00000000b7633370,0x00000000b8620000)
Event: 124,373 GC heap after
Heap after GC invocations=114 (full 4):
 PSYoungGen      total 347520K, used 221K [0x00000000eaab0000, 0x00000000fffd0000, 0x0000000100000000)
  eden space 345984K, 0% used [0x00000000eaab0000,0x00000000eaab0000,0x00000000ffc90000)
  from space 1536K, 14% used [0x00000000ffe50000,0x00000000ffe874d8,0x00000000fffd0000)
  to   space 1664K, 0% used [0x00000000ffc90000,0x00000000ffc90000,0x00000000ffe30000)
 ParOldGen       total 48576K, used 21153K [0x00000000c0000000, 0x00000000c2f70000, 0x00000000eaab0000)
  object space 48576K, 43% used [0x00000000c0000000,0x00000000c14a8448,0x00000000c2f70000)
 PSPermGen       total 45184K, used 28876K [0x00000000b5a00000, 0x00000000b8620000, 0x00000000c0000000)
  object space 45184K, 63% used [0x00000000b5a00000,0x00000000b7633370,0x00000000b8620000)
}
Event: 146,350 GC heap before
{Heap before GC invocations=115 (full 4):
 PSYoungGen      total 347520K, used 346205K [0x00000000eaab0000, 0x00000000fffd0000, 0x0000000100000000)
  eden space 345984K, 100% used [0x00000000eaab0000,0x00000000ffc90000,0x00000000ffc90000)
  from space 1536K, 14% used [0x00000000ffe50000,0x00000000ffe874d8,0x00000000fffd0000)
  to   space 1664K, 0% used [0x00000000ffc90000,0x00000000ffc90000,0x00000000ffe30000)
 ParOldGen       total 48576K, used 21153K [0x00000000c0000000, 0x00000000c2f70000, 0x00000000eaab0000)
  object space 48576K, 43% used [0x00000000c0000000,0x00000000c14a8448,0x00000000c2f70000)
 PSPermGen       total 45184K, used 29032K [0x00000000b5a00000, 0x00000000b8620000, 0x00000000c0000000)
  object space 45184K, 64% used [0x00000000b5a00000,0x00000000b765a2f8,0x00000000b8620000)
Event: 146,351 GC heap after
Heap after GC invocations=115 (full 4):
 PSYoungGen      total 347648K, used 349K [0x00000000eaab0000, 0x00000000fffe0000, 0x0000000100000000)
  eden space 345984K, 0% used [0x00000000eaab0000,0x00000000eaab0000,0x00000000ffc90000)
  from space 1664K, 20% used [0x00000000ffc90000,0x00000000ffce74d8,0x00000000ffe30000)
  to   space 1536K, 0% used [0x00000000ffe60000,0x00000000ffe60000,0x00000000fffe0000)
 ParOldGen       total 48576K, used 21153K [0x00000000c0000000, 0x00000000c2f70000, 0x00000000eaab0000)
  object space 48576K, 43% used [0x00000000c0000000,0x00000000c14a8448,0x00000000c2f70000)
 PSPermGen       total 45184K, used 29032K [0x00000000b5a00000, 0x00000000b8620000, 0x00000000c0000000)
  object space 45184K, 64% used [0x00000000b5a00000,0x00000000b765a2f8,0x00000000b8620000)
}

